<?xml version="1.0" encoding="UTF-8"?>
<!-- Generated by org.testng.reporters.JUnitReportReporter -->
<testsuite skipped="0" hostname="HW0924" name="runner.HomePageRunner" tests="1" failures="0" timestamp="27 Oct 2020 17:27:11 GMT" time="15.858" errors="0">
  <testcase name="runScenario" time="15.858" classname="runner.HomePageRunner"/>
</testsuite> <!-- runner.HomePageRunner -->
